<?xml version="1.0" encoding="utf-8"?><testsuites name="pytest tests"><testsuite name="pytest" errors="0" failures="0" skipped="0" tests="18" time="4.440" timestamp="2026-02-15T18:34:47.907573+00:00" hostname="agent-env-916d789e-af92-4e46-b47f-9e2a727ddebb"><testcase classname="backend.tests.test_dm_order_features.TestAuthEndpoints" name="test_login_success" time="0.473" /><testcase classname="backend.tests.test_dm_order_features.TestAuthEndpoints" name="test_login_invalid_credentials" time="0.115" /><testcase classname="backend.tests.test_dm_order_features.TestAuthEndpoints" name="test_admin_login_success" time="0.117" /><testcase classname="backend.tests.test_dm_order_features.TestAuthEndpoints" name="test_get_me" time="0.493" /><testcase classname="backend.tests.test_dm_order_features.TestMiniShopEndpoints" name="test_get_public_shop" time="0.138" /><testcase classname="backend.tests.test_dm_order_features.TestMiniShopEndpoints" name="test_get_public_shop_not_found" time="0.200" /><testcase classname="backend.tests.test_dm_order_features.TestMiniShopEndpoints" name="test_toggle_product_in_shop" time="0.221" /><testcase classname="backend.tests.test_dm_order_features.TestProductsEndpoints" name="test_get_products" time="0.243" /><testcase classname="backend.tests.test_dm_order_features.TestProductsEndpoints" name="test_get_single_product" time="0.128" /><testcase classname="backend.tests.test_dm_order_features.TestProductsEndpoints" name="test_create_and_delete_product" time="0.367" /><testcase classname="backend.tests.test_dm_order_features.TestOrdersEndpoints" name="test_get_orders" time="0.176" /><testcase classname="backend.tests.test_dm_order_features.TestOrdersEndpoints" name="test_update_order_status_with_delivery_time" time="0.248" /><testcase classname="backend.tests.test_dm_order_features.TestOrdersEndpoints" name="test_create_order_with_delivery_time" time="0.322" /><testcase classname="backend.tests.test_dm_order_features.TestOrderStatusEndpoints" name="test_valid_status_transitions" time="0.526" /><testcase classname="backend.tests.test_dm_order_features.TestOrderStatusEndpoints" name="test_invalid_status" time="0.176" /><testcase classname="backend.tests.test_dm_order_features.TestReferralProgram" name="test_referral_code_in_user_data" time="0.128" /><testcase classname="backend.tests.test_dm_order_features.TestBadgesFeature" name="test_badges_in_user_data" time="0.115" /><testcase classname="backend.tests.test_dm_order_features.TestDashboardStats" name="test_get_dashboard_stats" time="0.111" /></testsuite></testsuites>